Arguments: 
  /Users/fuyaoz/.nvm/versions/node/v16.14.2/bin/node /Users/fuyaoz/.nvm/versions/node/v16.14.2/bin/yarn sentio upload

PATH: 
  /Users/fuyaoz/.krew/bin:/Users/fuyaoz/bin/google-cloud-sdk/bin:/Users/fuyaoz/.pyenv/shims:/Users/fuyaoz/.nvm/versions/node/v16.14.2/bin:/Users/fuyaoz/Library/Python/3.8/bin:/Users/fuyaoz/go/bin:/Users/fuyaoz/bin:/Users/fuyaoz/.local/share/solana/install/active_release/bin:/opt/homebrew/bin:/opt/homebrew/sbin:/usr/local/bin:/usr/bin:/bin:/usr/sbin:/sbin:/Library/TeX/texbin:/Library/Apple/usr/bin:/Users/fuyaoz/.cargo/bin

Yarn version: 
  1.22.18

Node version: 
  16.14.2

Platform: 
  darwin arm64

Trace: 
  SyntaxError: /Users/fuyaoz/src/sentio-processors/package.json: Unexpected token } in JSON at position 112
      at JSON.parse (<anonymous>)
      at /Users/fuyaoz/.nvm/versions/node/v16.14.2/lib/node_modules/yarn/lib/cli.js:1625:59
      at Generator.next (<anonymous>)
      at step (/Users/fuyaoz/.nvm/versions/node/v16.14.2/lib/node_modules/yarn/lib/cli.js:310:30)
      at /Users/fuyaoz/.nvm/versions/node/v16.14.2/lib/node_modules/yarn/lib/cli.js:321:13

npm manifest: 
  {
    "name": "@sentio/aptos",
    "license": "Apache-2.0",
    "version": "1.0.0",
    "scripts": {
      "compile": "tsc -p .",
      "test": "jest",
      "build": "sentio build"
    },
    "devDependencies": {
      "@types/coingecko-api": "^1.0.10"
    },
    "dependencies": {
      "coingecko-api": "^1.0.10"
    }
  }

yarn manifest: 
  No manifest

Lockfile: 
  No lockfile
